0 info it worked if it ends with ok
1 verbose cli [ '/usr/local/bin/node', '/usr/local/bin/npm', 'link', 'BigFile' ]
2 info using npm@1.1.65
3 info using node@v0.8.14
4 verbose install where,what [ '/usr/local/lib', [ 'BigFile' ] ]
5 verbose read json /usr/local/lib/package.json
6 verbose read json /usr/local/lib/node_modules/mocha/package.json
7 verbose read json /usr/local/lib/node_modules/component/package.json
8 verbose read json /usr/local/lib/node_modules/npm/package.json
9 verbose read json /usr/local/lib/node_modules/jkroso-emitter/package.json
10 verbose read json /usr/local/lib/node_modules/nodev/package.json
11 verbose read json /usr/local/lib/node_modules/node-inspector/package.json
12 verbose read json /usr/local/lib/node_modules/promises/package.json
13 verbose read json /usr/local/lib/node_modules/grunt/package.json
14 verbose read json /usr/local/lib/node_modules/serve/package.json
15 verbose read json /usr/local/lib/node_modules/SourceGraph/package.json
16 verbose read json /usr/local/lib/node_modules/laissez-faire/package.json
17 verbose read json /usr/local/lib/node_modules/colony/package.json
18 verbose read json /usr/local/lib/node_modules/async/package.json
19 verbose read json /usr/local/lib/node_modules/bigfile/package.json
20 verbose read json /usr/local/lib/node_modules/replace/package.json
21 verbose read json /usr/local/lib/package.json
22 verbose cache add [ 'BigFile', null ]
23 silly cache add name=undefined spec="BigFile" args=["BigFile",null]
24 verbose parsed url { pathname: 'BigFile', path: 'BigFile', href: 'BigFile' }
25 silly lockFile f1d42f9d-BigFile BigFile
26 verbose lock BigFile /home/jkroso/.npm/f1d42f9d-BigFile.lock
27 silly lockFile f1d42f9d-BigFile BigFile
28 verbose addNamed [ 'BigFile', '' ]
29 verbose addNamed [ null, '' ]
30 silly lockFile c43a8e96-BigFile BigFile@
31 verbose lock BigFile@ /home/jkroso/.npm/c43a8e96-BigFile.lock
32 silly addNameRange { name: 'BigFile', range: '', hasData: false }
33 verbose url raw BigFile
34 verbose url resolving [ 'https://registry.npmjs.org/', './BigFile' ]
35 verbose url resolved https://registry.npmjs.org/BigFile
36 info trying registry request attempt 1 at 16:35:00
37 http GET https://registry.npmjs.org/BigFile
38 http 404 https://registry.npmjs.org/BigFile
39 silly registry.get cb [ 404,
39 silly registry.get   { server: 'CouchDB/1.2.0 (Erlang OTP/R15B)',
39 silly registry.get     date: 'Mon, 10 Dec 2012 03:34:13 GMT',
39 silly registry.get     'content-type': 'application/json',
39 silly registry.get     'content-length': '52',
39 silly registry.get     'cache-control': 'must-revalidate' } ]
40 silly lockFile c43a8e96-BigFile BigFile@
41 error 404 'BigFile' is not in the npm registry.
41 error 404 You should bug the author to publish it
41 error 404
41 error 404 Note that you can also install from a
41 error 404 tarball, folder, or http url, or git url.
42 error System Linux 3.5.0-19-generic
43 error command "/usr/local/bin/node" "/usr/local/bin/npm" "link" "BigFile"
44 error cwd /home/jkroso/Dev/Libraries/Emitter
45 error node -v v0.8.14
46 error npm -v 1.1.65
47 error code E404
48 verbose exit [ 1, true ]
